[2018-12-19 11:46:55] slim-app.ERROR: SQLSTATE[HY000] [1049] Unknown database 'wugu' (SQL: select `id`, `name` from `wg_users` where (`name` = admin and `password` = admin) limit 1) [] {"uid":"004cd90"}
[2018-12-19 11:49:47] slim-app.ERROR: SQLSTATE[HY000] [1049] Unknown database 'wugu' (SQL: select `id`, `name` from `wg_users` where (`name` = admin and `password` = 123) limit 1) [] {"uid":"aa380cc"}
[2018-12-19 11:50:13] slim-app.ERROR: 身份验证错误:Wrong number of segments [] {"uid":"982a215"}
[2018-12-19 11:50:34] slim-app.ERROR: SQLSTATE[HY000] [1049] Unknown database 'wugu' (SQL: select `id`, `name` from `wg_users` where (`name` = admin and `password` = 123) limit 1) [] {"uid":"ddc248a"}
[2018-12-19 14:28:09] slim-app.ERROR: 身份验证错误:Wrong number of segments [] {"uid":"b5d89cf"}
[2018-12-19 14:31:00] slim-app.ERROR: 身份验证错误:Wrong number of segments [] {"uid":"7bbd331"}
[2018-12-19 14:31:30] slim-app.ERROR: 身份验证错误:Wrong number of segments [] {"uid":"d0cdaff"}
[2018-12-19 14:32:37] slim-app.ERROR: 身份验证错误:Wrong number of segments [] {"uid":"e887b25"}
[2018-12-19 14:33:07] slim-app.ERROR: 身份验证错误:Wrong number of segments [] {"uid":"e984a62"}
[2018-12-19 14:33:13] slim-app.ERROR: 身份验证错误:Wrong number of segments [] {"uid":"c75dbe4"}
[2018-12-19 14:33:25] slim-app.ERROR: 身份验证错误:Wrong number of segments [] {"uid":"47d8dbb"}
[2018-12-19 16:27:50] slim-app.ERROR: 身份验证错误:Callable App\Controller\UserController does not exist [] {"uid":"4a18263"}
[2018-12-19 16:59:37] slim-app.ERROR: 身份验证错误:Wrong number of segments [] {"uid":"93e5570"}
[2018-12-19 17:00:19] slim-app.ERROR: 身份验证错误:Wrong number of segments [] {"uid":"7673353"}
[2018-12-20 13:51:08] slim-app.ERROR: 身份验证错误:Expired token [] {"uid":"b2a52ce"}
[2018-12-20 16:18:55] slim-app.ERROR: SQLSTATE[42S22]: Column not found: 1054 Unknown column 'index' in 'order clause' (SQL: select * from `wg_customer` where `deleted` = 0 order by `index` asc limit 10 offset 0) [] {"uid":"2fcd5c5"}
[2018-12-20 16:18:58] slim-app.ERROR: SQLSTATE[42S22]: Column not found: 1054 Unknown column 'index' in 'order clause' (SQL: select * from `wg_customer` where `deleted` = 0 order by `index` desc limit 10 offset 0) [] {"uid":"1a0e701"}
[2018-12-20 16:54:59] slim-app.ERROR: 身份验证错误:Expired token [] {"uid":"5735a1d"}
[2018-12-20 17:38:30] slim-app.ERROR: SQLSTATE[42S22]: Column not found: 1054 Unknown column '姓名' in 'where clause' (SQL: select count(*) as aggregate from `wg_customer` where `deleted` = 0 and (`ID` like %l% or `姓名` like %l% or `性别` like %l% or `电话` like %l% or `住址` like %l% or `组` like %l%)) [] {"uid":"5591f91"}
[2018-12-20 17:38:30] slim-app.ERROR: SQLSTATE[42S22]: Column not found: 1054 Unknown column '姓名' in 'where clause' (SQL: select count(*) as aggregate from `wg_customer` where `deleted` = 0 and (`ID` like %liu% or `姓名` like %liu% or `性别` like %liu% or `电话` like %liu% or `住址` like %liu% or `组` like %liu%)) [] {"uid":"4d83fb3"}
[2018-12-20 17:38:30] slim-app.ERROR: SQLSTATE[42S22]: Column not found: 1054 Unknown column '姓名' in 'where clause' (SQL: select count(*) as aggregate from `wg_customer` where `deleted` = 0 and (`ID` like %li% or `姓名` like %li% or `性别` like %li% or `电话` like %li% or `住址` like %li% or `组` like %li%)) [] {"uid":"fb576ab"}
[2018-12-20 17:38:31] slim-app.ERROR: SQLSTATE[42S22]: Column not found: 1054 Unknown column '姓名' in 'where clause' (SQL: select count(*) as aggregate from `wg_customer` where `deleted` = 0 and (`ID` like %liuw% or `姓名` like %liuw% or `性别` like %liuw% or `电话` like %liuw% or `住址` like %liuw% or `组` like %liuw%)) [] {"uid":"75ad863"}
[2018-12-20 17:38:32] slim-app.ERROR: SQLSTATE[42S22]: Column not found: 1054 Unknown column '姓名' in 'where clause' (SQL: select count(*) as aggregate from `wg_customer` where `deleted` = 0 and (`ID` like %liuwn% or `姓名` like %liuwn% or `性别` like %liuwn% or `电话` like %liuwn% or `住址` like %liuwn% or `组` like %liuwn%)) [] {"uid":"66357b1"}
[2018-12-20 17:38:33] slim-app.ERROR: SQLSTATE[42S22]: Column not found: 1054 Unknown column '姓名' in 'where clause' (SQL: select count(*) as aggregate from `wg_customer` where `deleted` = 0 and (`ID` like %liuw% or `姓名` like %liuw% or `性别` like %liuw% or `电话` like %liuw% or `住址` like %liuw% or `组` like %liuw%)) [] {"uid":"e6bbd47"}
[2018-12-20 17:38:33] slim-app.ERROR: SQLSTATE[42S22]: Column not found: 1054 Unknown column '姓名' in 'where clause' (SQL: select count(*) as aggregate from `wg_customer` where `deleted` = 0 and (`ID` like %liu% or `姓名` like %liu% or `性别` like %liu% or `电话` like %liu% or `住址` like %liu% or `组` like %liu%)) [] {"uid":"8116252"}
[2018-12-20 17:40:06] slim-app.ERROR: SQLSTATE[42S22]: Column not found: 1054 Unknown column '姓名' in 'where clause' (SQL: select count(*) as aggregate from `wg_customer` where `deleted` = 0 and (`ID` like %l% or `姓名` like %l% or `性别` like %l% or `电话` like %l% or `住址` like %l% or `组` like %l%)) [] {"uid":"7c250d7"}
[2018-12-20 17:41:27] slim-app.ERROR: SQLSTATE[42S22]: Column not found: 1054 Unknown column '姓名' in 'where clause' (SQL: select count(*) as aggregate from `wg_customer` where `deleted` = 0 and (`ID` like %l% or `姓名` like %l% or `性别` like %l% or `电话` like %l% or `住址` like %l% or `组` like %l%)) [] {"uid":"5b3808b"}
[2018-12-20 17:41:28] slim-app.ERROR: SQLSTATE[42S22]: Column not found: 1054 Unknown column '姓名' in 'where clause' (SQL: select count(*) as aggregate from `wg_customer` where `deleted` = 0 and (`ID` like %li% or `姓名` like %li% or `性别` like %li% or `电话` like %li% or `住址` like %li% or `组` like %li%)) [] {"uid":"5ebfb5b"}
[2018-12-20 17:41:28] slim-app.ERROR: SQLSTATE[42S22]: Column not found: 1054 Unknown column '姓名' in 'where clause' (SQL: select count(*) as aggregate from `wg_customer` where `deleted` = 0 and (`ID` like %liu% or `姓名` like %liu% or `性别` like %liu% or `电话` like %liu% or `住址` like %liu% or `组` like %liu%)) [] {"uid":"038c813"}
